0 info it worked if it ends with ok
1 verbose cli [ 'node', '/usr/local/bin/npm', 'publish', '.' ]
2 info using npm@2.10.1
3 info using node@v0.12.4
4 verbose publish [ '.' ]
5 silly cache add args [ '.', null ]
6 verbose cache add spec .
7 silly cache add parsed spec { raw: '.',
7 silly cache add   scope: null,
7 silly cache add   name: null,
7 silly cache add   rawSpec: '.',
7 silly cache add   spec: '/Users/mbinder/Development/test01.dc1.boerse-go.de/dash-cli',
7 silly cache add   type: 'directory' }
8 verbose addLocalDirectory /Users/mbinder/.npm/dash-search/1.0.0/package.tgz not in flight; packing
9 verbose tar pack [ '/Users/mbinder/.npm/dash-search/1.0.0/package.tgz',
9 verbose tar pack   '/Users/mbinder/Development/test01.dc1.boerse-go.de/dash-cli' ]
10 verbose tarball /Users/mbinder/.npm/dash-search/1.0.0/package.tgz
11 verbose folder /Users/mbinder/Development/test01.dc1.boerse-go.de/dash-cli
12 info prepublish dash-search@1.0.0
13 verbose addLocalTarball adding from inside cache /Users/mbinder/.npm/dash-search/1.0.0/package.tgz
14 silly cache afterAdd dash-search@1.0.0
15 verbose afterAdd /Users/mbinder/.npm/dash-search/1.0.0/package/package.json not in flight; writing
16 verbose afterAdd /Users/mbinder/.npm/dash-search/1.0.0/package/package.json written
17 silly publish { name: 'dash-search',
17 silly publish   version: '1.0.0',
17 silly publish   author: { name: 'Marc Binder', email: 'marcandrebinder@gmail.com' },
17 silly publish   main: './lib/dash',
17 silly publish   bin: { d: './index.js' },
17 silly publish   dependencies: { yargs: '~3.10.0' },
17 silly publish   devDependencies: { gulp: '~3.9.0', 'gulp-eslint': '~0.13.2' },
17 silly publish   repository:
17 silly publish    { type: 'git',
17 silly publish      url: 'git+https://github.com/MrBoolean/dash-search.git' },
17 silly publish   bugs: { url: 'https://github.com/MrBoolean/dash-search/issues' },
17 silly publish   keywords: [ 'dash', 'mac', 'documentation', 'docs' ],
17 silly publish   preferGlobal: true,
17 silly publish   analyze: true,
17 silly publish   readme: '[dashLink]: https://kapeli.com/dash\n\ndash-search\n========\n`d` (also known as `dash-search`) allows you to query the locally installed [Dash for MAC][dashLink] instance.\n\n```sh\nd angular.isArray\n```\n...opens the [Dash Application][dashLink].\n\n# Install\n```sh\nnpm install -g dash-search\n```\n\n# License\nCopyright (c) 2015 Marc Binder <marcandrebinder@gmail.com>\n\nPermission is hereby granted, free of charge, to any person obtaining a copy\nof this software and associated documentation files (the "Software"), to deal\nin the Software without restriction, including without limitation the rights\nto use, copy, modify, merge, publish, distribute, sublicense, and/or sell\ncopies of the Software, and to permit persons to whom the Software is\nfurnished to do so, subject to the following conditions:\n\nThe above copyright notice and this permission notice shall be included in\nall copies or substantial portions of the Software.\n\nTHE SOFTWARE IS PROVIDED "AS IS", WITHOUT WARRANTY OF ANY KIND, EXPRESS OR\nIMPLIED, INCLUDING BUT NOT LIMITED TO THE WARRANTIES OF MERCHANTABILITY,\nFITNESS FOR A PARTICULAR PURPOSE AND NONINFRINGEMENT. IN NO EVENT SHALL THE\nAUTHORS OR COPYRIGHT HOLDERS BE LIABLE FOR ANY CLAIM, DAMAGES OR OTHER\nLIABILITY, WHETHER IN AN ACTION OF CONTRACT, TORT OR OTHERWISE, ARISING FROM,\nOUT OF OR IN CONNECTION WITH THE SOFTWARE OR THE USE OR OTHER DEALINGS IN\nTHE SOFTWARE.',
17 silly publish   readmeFilename: 'README.md',
17 silly publish   gitHead: '1458d0652325895e49832d5e0d83ae6dee9825af',
17 silly publish   description: '[dashLink]: https://kapeli.com/dash',
17 silly publish   homepage: 'https://github.com/MrBoolean/dash-search#readme',
17 silly publish   _id: 'dash-search@1.0.0',
17 silly publish   scripts: {},
17 silly publish   _shasum: 'e8f84d4fb809db506d8cdf19621600e1eb9a75d8',
17 silly publish   _from: '.' }
18 verbose getPublishConfig undefined
19 silly mapToRegistry name dash-search
20 silly mapToRegistry using default registry
21 silly mapToRegistry registry https://registry.npmjs.org/
22 silly mapToRegistry uri https://registry.npmjs.org/dash-search
23 verbose publish registryBase https://registry.npmjs.org/
24 silly publish uploading /Users/mbinder/.npm/dash-search/1.0.0/package.tgz
25 verbose request uri https://registry.npmjs.org/dash-search
26 verbose request sending authorization for write operation
27 info attempt registry request try #1 at 11:28:50 AM
28 verbose request using bearer token for auth
29 verbose request id 1f97ee0874e63b75
30 http request PUT https://registry.npmjs.org/dash-search
31 http 403 https://registry.npmjs.org/dash-search
32 verbose headers { 'content-type': 'application/json',
32 verbose headers   'cache-control': 'max-age=60',
32 verbose headers   'content-length': '128',
32 verbose headers   'accept-ranges': 'bytes',
32 verbose headers   date: 'Tue, 09 Jun 2015 09:28:51 GMT',
32 verbose headers   via: '1.1 varnish',
32 verbose headers   connection: 'keep-alive',
32 verbose headers   'x-served-by': 'cache-fra1248-FRA',
32 verbose headers   'x-cache': 'MISS',
32 verbose headers   'x-cache-hits': '0',
32 verbose headers   'x-timer': 'S1433842130.256737,VS0,VE930' }
33 verbose request invalidating /Users/mbinder/.npm/registry.npmjs.org/dash-search on PUT
34 error publish Failed PUT 403
35 verbose stack Error: "You cannot publish over the previously published version 1.0.0. Try bumping the version to 2.0.0" : dash-search
35 verbose stack     at CachingRegistryClient.<anonymous> (/usr/local/lib/node_modules/npm/node_modules/npm-registry-client/lib/request.js:247:14)
35 verbose stack     at Request._callback (/usr/local/lib/node_modules/npm/node_modules/npm-registry-client/lib/request.js:170:14)
35 verbose stack     at Request.self.callback (/usr/local/lib/node_modules/npm/node_modules/request/request.js:368:22)
35 verbose stack     at Request.emit (events.js:110:17)
35 verbose stack     at Request.<anonymous> (/usr/local/lib/node_modules/npm/node_modules/request/request.js:1219:14)
35 verbose stack     at Request.emit (events.js:129:20)
35 verbose stack     at IncomingMessage.<anonymous> (/usr/local/lib/node_modules/npm/node_modules/request/request.js:1167:12)
35 verbose stack     at IncomingMessage.emit (events.js:129:20)
35 verbose stack     at _stream_readable.js:908:16
35 verbose stack     at process._tickCallback (node.js:355:11)
36 verbose statusCode 403
37 verbose pkgid dash-search
38 verbose cwd /Users/mbinder/Development/test01.dc1.boerse-go.de/dash-cli
39 error Darwin 14.0.0
40 error argv "node" "/usr/local/bin/npm" "publish" "."
41 error node v0.12.4
42 error npm  v2.10.1
43 error code E403
44 error "You cannot publish over the previously published version 1.0.0. Try bumping the version to 2.0.0" : dash-search
45 error If you need help, you may report this error at:
45 error     <https://github.com/npm/npm/issues>
46 verbose exit [ 1, true ]
